<?xml version="1.0" encoding="UTF-8"?>
<testsuite name="Sanity-test"
           tests="39"
           failures="1"
           errors="0"
           skipped="38"
           time="8.386">
    <properties></properties>

            <testcase
                name="before"
                time="8.386"
                classname="com.jodayn.HomePage">

            <failure type="java.lang.UnsupportedOperationException" message="Unimplemented method &apos;afterNavigateTo&apos;">
                <![CDATA[java.lang.UnsupportedOperationException: Unimplemented method 'afterNavigateTo'
                com.util.WebListener.afterNavigateTo(WebListener.java:40)java.base/jdk.internal.reflect.DirectMethodHandleAccessor.invoke(DirectMethodHandleAccessor.java:104)java.base/java.lang.reflect.Method.invoke(Method.java:578)org.openqa.selenium.support.events.EventFiringWebDriver.lambda$new$0(EventFiringWebDriver.java:85)jdk.proxy2/jdk.proxy2.$Proxy11.afterNavigateTo(Unknown Source)org.openqa.selenium.support.events.EventFiringWebDriver.get(EventFiringWebDriver.java:166)com.TestBase.BaseTest.setup(BaseTest.java:37)com.jodayn.HomePage.before(HomePage.java:46)java.base/jdk.internal.reflect.DirectMethodHandleAccessor.invoke(DirectMethodHandleAccessor.java:104)java.base/java.lang.reflect.Method.invoke(Method.java:578)org.testng.internal.invokers.MethodInvocationHelper.invokeMethod(MethodInvocationHelper.java:139)org.testng.internal.invokers.MethodInvocationHelper.invokeMethodConsideringTimeout(MethodInvocationHelper.java:69)org.testng.internal.invokers.ConfigInvoker.invokeConfigurationMethod(ConfigInvoker.java:390)org.testng.internal.invokers.ConfigInvoker.invokeConfigurations(ConfigInvoker.java:325)org.testng.internal.invokers.TestInvoker.runConfigMethods(TestInvoker.java:810)org.testng.internal.invokers.TestInvoker.invokeMethod(TestInvoker.java:577)org.testng.internal.invokers.TestInvoker.invokeTestMethod(TestInvoker.java:227)org.testng.internal.invokers.MethodRunner.runInSequence(MethodRunner.java:50)org.testng.internal.invokers.TestInvoker$MethodInvocationAgent.invoke(TestInvoker.java:957)org.testng.internal.invokers.TestInvoker.invokeTestMethods(TestInvoker.java:200)org.testng.internal.invokers.TestMethodWorker.invokeTestMethods(TestMethodWorker.java:148)org.testng.internal.invokers.TestMethodWorker.run(TestMethodWorker.java:128)java.base/java.util.ArrayList.forEach(ArrayList.java:1511)org.testng.TestRunner.privateRun(TestRunner.java:848)org.testng.TestRunner.run(TestRunner.java:621)org.testng.SuiteRunner.runTest(SuiteRunner.java:443)org.testng.SuiteRunner.runSequentially(SuiteRunner.java:437)org.testng.SuiteRunner.privateRun(SuiteRunner.java:397)org.testng.SuiteRunner.run(SuiteRunner.java:336)org.testng.SuiteRunnerWorker.runSuite(SuiteRunnerWorker.java:52)org.testng.SuiteRunnerWorker.run(SuiteRunnerWorker.java:95)org.testng.TestNG.runSuitesSequentially(TestNG.java:1280)org.testng.TestNG.runSuitesLocally(TestNG.java:1200)org.testng.TestNG.runSuites(TestNG.java:1114)org.testng.TestNG.run(TestNG.java:1082)org.apache.maven.surefire.testng.TestNGExecutor.run(TestNGExecutor.java:308)org.apache.maven.surefire.testng.TestNGXmlTestSuite.execute(TestNGXmlTestSuite.java:71)org.apache.maven.surefire.testng.TestNGProvider.invoke(TestNGProvider.java:113)org.apache.maven.surefire.booter.ForkedBooter.runSuitesInProcess(ForkedBooter.java:385)org.apache.maven.surefire.booter.ForkedBooter.execute(ForkedBooter.java:162)org.apache.maven.surefire.booter.ForkedBooter.run(ForkedBooter.java:507)org.apache.maven.surefire.booter.ForkedBooter.main(ForkedBooter.java:495)
]]>
            </failure>
    </testcase>

            <testcase
                name="before"
                time="0.0"
                classname="com.jodayn.HomePage">
            </testcase>
            <testcase
                name="close"
                time="0.0"
                classname="com.jodayn.HomePage">
            </testcase>
            <testcase
                name="close"
                time="0.0"
                classname="com.jodayn.HomePage">
            </testcase>
            <testcase
                name="before"
                time="0.0"
                classname="com.jodayn.HomePage">
            </testcase>
            <testcase
                name="close"
                time="0.0"
                classname="com.jodayn.HomePage">
            </testcase>
            <testcase
                name="close"
                time="0.0"
                classname="com.jodayn.HomePage">
            </testcase>
            <testcase
                name="before"
                time="0.0"
                classname="com.jodayn.HomePage">
            </testcase>
            <testcase
                name="before"
                time="0.0"
                classname="com.jodayn.HomePage">
            </testcase>
            <testcase
                name="close"
                time="0.0"
                classname="com.jodayn.HomePage">
            </testcase>
            <testcase
                name="close"
                time="0.0"
                classname="com.jodayn.HomePage">
            </testcase>
            <testcase
                name="close"
                time="0.0"
                classname="com.jodayn.HomePage">
            </testcase>
            <testcase
                name="before"
                time="0.0"
                classname="com.jodayn.HomePage">
            </testcase>
            <testcase
                name="before"
                time="0.0"
                classname="com.jodayn.HomePage">
            </testcase>
            <testcase
                name="close"
                time="0.0"
                classname="com.jodayn.HomePage">
            </testcase>
            <testcase
                name="close"
                time="0.0"
                classname="com.jodayn.HomePage">
            </testcase>
            <testcase
                name="before"
                time="0.0"
                classname="com.jodayn.HomePage">
            </testcase>
            <testcase
                name="before"
                time="0.0"
                classname="com.jodayn.HomePage">
            </testcase>
            <testcase
                name="before"
                time="0.0"
                classname="com.jodayn.HomePage">
            </testcase>
            <testcase
                name="close"
                time="0.0"
                classname="com.jodayn.HomePage">
            </testcase>
            <testcase
                name="before"
                time="0.0"
                classname="com.jodayn.HomePage">
            </testcase>
            <testcase
                name="close"
                time="0.0"
                classname="com.jodayn.HomePage">
            </testcase>
            <testcase
                name="before"
                time="0.0"
                classname="com.jodayn.HomePage">
            </testcase>
            <testcase
                name="close"
                time="0.0"
                classname="com.jodayn.HomePage">
            </testcase>
            <testcase
                name="before"
                time="0.0"
                classname="com.jodayn.HomePage">
            </testcase>
            <testcase
                name="close"
                time="0.0"
                classname="com.jodayn.HomePage">
            </testcase>
            <testcase
                name="servicesimages"
                time="0.0"
                classname="com.jodayn.HomePage">
            </testcase>
            <testcase
                name="partners"
                time="0.0"
                classname="com.jodayn.HomePage">
            </testcase>
            <testcase
                name="emailsubscription"
                time="0.0"
                classname="com.jodayn.HomePage">
            </testcase>
            <testcase
                name="logo"
                time="0.0"
                classname="com.jodayn.HomePage">
            </testcase>
            <testcase
                name="footertext"
                time="0.0"
                classname="com.jodayn.HomePage">
            </testcase>
            <testcase
                name="menu"
                time="0.0"
                classname="com.jodayn.HomePage">
            </testcase>
            <testcase
                name="serviceslinks"
                time="0.0"
                classname="com.jodayn.HomePage">
            </testcase>
            <testcase
                name="title"
                time="0.0"
                classname="com.jodayn.HomePage">
            </testcase>
            <testcase
                name="socialMedia"
                time="0.0"
                classname="com.jodayn.HomePage">
            </testcase>
            <testcase
                name="socialMediaLinks"
                time="0.0"
                classname="com.jodayn.HomePage">
            </testcase>
            <testcase
                name="footerlinks"
                time="0.0"
                classname="com.jodayn.HomePage">
            </testcase>
            <testcase
                name="images"
                time="0.0"
                classname="com.jodayn.HomePage">
            </testcase>
            <testcase
                name="links"
                time="0.0"
                classname="com.jodayn.HomePage">
            </testcase>

</testsuite>
