<?xml version="1.0" encoding="UTF-8"?>
<testsuite name="TestNGTest-b39b7087-be1d-4dbe-9c8c-d26901218a75"
           tests="12"
           failures="1"
           errors="0"
           skipped="11"
           time="7.945">
    <properties></properties>

            <testcase
                name="before"
                time="7.945"
                classname="com.jodayn.ContactUs">

            <failure type="java.lang.NullPointerException" message="Cannot invoke &quot;org.openqa.selenium.WebDriver.findElement(org.openqa.selenium.By)&quot; because &quot;this.driver&quot; is null">
                <![CDATA[java.lang.NullPointerException: Cannot invoke "org.openqa.selenium.WebDriver.findElement(org.openqa.selenium.By)" because "this.driver" is null
                com.jodayn.ContactUs.before(ContactUs.java:49)java.base/jdk.internal.reflect.DirectMethodHandleAccessor.invoke(DirectMethodHandleAccessor.java:104)java.base/java.lang.reflect.Method.invoke(Method.java:578)org.testng.internal.invokers.MethodInvocationHelper.invokeMethod(MethodInvocationHelper.java:139)org.testng.internal.invokers.MethodInvocationHelper.invokeMethodConsideringTimeout(MethodInvocationHelper.java:69)org.testng.internal.invokers.ConfigInvoker.invokeConfigurationMethod(ConfigInvoker.java:390)org.testng.internal.invokers.ConfigInvoker.invokeConfigurations(ConfigInvoker.java:325)org.testng.internal.invokers.TestInvoker.runConfigMethods(TestInvoker.java:810)org.testng.internal.invokers.TestInvoker.invokeMethod(TestInvoker.java:577)org.testng.internal.invokers.TestInvoker.invokeTestMethod(TestInvoker.java:227)org.testng.internal.invokers.MethodRunner.runInSequence(MethodRunner.java:50)org.testng.internal.invokers.TestInvoker$MethodInvocationAgent.invoke(TestInvoker.java:957)org.testng.internal.invokers.TestInvoker.invokeTestMethods(TestInvoker.java:200)org.testng.internal.invokers.TestMethodWorker.invokeTestMethods(TestMethodWorker.java:148)org.testng.internal.invokers.TestMethodWorker.run(TestMethodWorker.java:128)java.base/java.util.ArrayList.forEach(ArrayList.java:1511)org.testng.TestRunner.privateRun(TestRunner.java:848)org.testng.TestRunner.run(TestRunner.java:621)org.testng.SuiteRunner.runTest(SuiteRunner.java:443)org.testng.SuiteRunner.runSequentially(SuiteRunner.java:437)org.testng.SuiteRunner.privateRun(SuiteRunner.java:397)org.testng.SuiteRunner.run(SuiteRunner.java:336)org.testng.SuiteRunnerWorker.runSuite(SuiteRunnerWorker.java:52)org.testng.SuiteRunnerWorker.run(SuiteRunnerWorker.java:95)org.testng.TestNG.runSuitesSequentially(TestNG.java:1280)org.testng.TestNG.runSuitesLocally(TestNG.java:1200)org.testng.TestNG.runSuites(TestNG.java:1114)org.testng.TestNG.run(TestNG.java:1082)com.microsoft.java.test.runner.testng.TestNGRunner.run(TestNGRunner.java:45)com.microsoft.java.test.runner.testng.TestNGLauncher.execute(TestNGLauncher.java:32)com.microsoft.java.test.runner.Launcher.main(Launcher.java:57)
]]>
            </failure>
    </testcase>

            <testcase
                name="before"
                time="0.0"
                classname="com.jodayn.ContactUs">
            </testcase>
            <testcase
                name="close"
                time="0.0"
                classname="com.jodayn.ContactUs">
            </testcase>
            <testcase
                name="close"
                time="0.0"
                classname="com.jodayn.ContactUs">
            </testcase>
            <testcase
                name="close"
                time="0.0"
                classname="com.jodayn.ContactUs">
            </testcase>
            <testcase
                name="before"
                time="0.0"
                classname="com.jodayn.ContactUs">
            </testcase>
            <testcase
                name="before"
                time="0.0"
                classname="com.jodayn.ContactUs">
            </testcase>
            <testcase
                name="close"
                time="0.0"
                classname="com.jodayn.ContactUs">
            </testcase>
            <testcase
                name="ContactUs"
                time="0.0"
                classname="com.jodayn.ContactUs">
            </testcase>
            <testcase
                name="ContactUs"
                time="0.0"
                classname="com.jodayn.ContactUs">
            </testcase>
            <testcase
                name="ContactUs"
                time="0.0"
                classname="com.jodayn.ContactUs">
            </testcase>
            <testcase
                name="ContactUs"
                time="0.0"
                classname="com.jodayn.ContactUs">
            </testcase>

</testsuite>
