<?xml version="1.0" encoding="UTF-8"?>
<!-- Generated by org.testng.reporters.JUnitXMLReporter -->
<testsuite ignored="0" hostname="DESKTOP-GF57R6E" failures="0" tests="13" name="Regression" time="106.619" errors="0" timestamp="2023-08-04T12:52:58 AST">
  <testcase classname="com.jodayn.HomePage" name="emailsubscription" time="3.845"/>
  <testcase classname="com.jodayn.HomePage" name="footerlinks" time="0.314"/>
  <testcase classname="com.jodayn.HomePage" name="footertext" time="0.22"/>
  <testcase classname="com.jodayn.HomePage" name="images" time="0.123"/>
  <testcase classname="com.jodayn.HomePage" name="links" time="0.321"/>
  <testcase classname="com.jodayn.HomePage" name="logo" time="0.032"/>
  <testcase classname="com.jodayn.HomePage" name="menu" time="0.185"/>
  <testcase classname="com.jodayn.HomePage" name="partners" time="0.1"/>
  <testcase classname="com.jodayn.HomePage" name="servicesimages" time="0.425"/>
  <testcase classname="com.jodayn.HomePage" name="serviceslinks" time="0.129"/>
  <testcase classname="com.jodayn.HomePage" name="socialMedia" time="0.084"/>
  <testcase classname="com.jodayn.HomePage" name="socialMediaLinks" time="0.188"/>
  <testcase classname="com.jodayn.HomePage" name="title" time="0.005"/>
</testsuite> <!-- Regression -->
