<?xml version="1.0" encoding="UTF-8"?>
<!-- Generated by org.testng.reporters.JUnitXMLReporter -->
<testsuite ignored="0" hostname="DESKTOP-GF57R6E" failures="0" tests="13" name="Regression" time="103.709" errors="0" timestamp="2023-08-05T20:50:54 AST">
  <testcase classname="com.jodayn.HomePage" name="emailsubscription" time="4.671"/>
  <testcase classname="com.jodayn.HomePage" name="footerlinks" time="0.309"/>
  <testcase classname="com.jodayn.HomePage" name="footertext" time="0.214"/>
  <testcase classname="com.jodayn.HomePage" name="images" time="0.128"/>
  <testcase classname="com.jodayn.HomePage" name="links" time="0.343"/>
  <testcase classname="com.jodayn.HomePage" name="logo" time="0.048"/>
  <testcase classname="com.jodayn.HomePage" name="menu" time="0.196"/>
  <testcase classname="com.jodayn.HomePage" name="partners" time="0.12"/>
  <testcase classname="com.jodayn.HomePage" name="servicesimages" time="0.471"/>
  <testcase classname="com.jodayn.HomePage" name="serviceslinks" time="0.092"/>
  <testcase classname="com.jodayn.HomePage" name="socialMedia" time="0.104"/>
  <testcase classname="com.jodayn.HomePage" name="socialMediaLinks" time="0.223"/>
  <testcase classname="com.jodayn.HomePage" name="title" time="0.011"/>
</testsuite> <!-- Regression -->
