<?xml version="1.0" encoding="UTF-8"?>
<!-- Generated by org.testng.reporters.JUnitXMLReporter -->
<testsuite ignored="0" hostname="DESKTOP-GF57R6E" failures="0" tests="7" name="Regression1" time="59.56" errors="0" timestamp="2023-08-04T03:07:33 AST">
  <testcase classname="com.jodayn.HomePage" name="images" time="0.143"/>
  <testcase classname="com.jodayn.HomePage" name="links" time="0.727"/>
  <testcase classname="com.jodayn.HomePage" name="logo" time="0.038"/>
  <testcase classname="com.jodayn.HomePage" name="menu" time="0.162"/>
  <testcase classname="com.jodayn.HomePage" name="socialMedia" time="0.099"/>
  <testcase classname="com.jodayn.HomePage" name="socialMediaLinks" time="0.168"/>
  <testcase classname="com.jodayn.HomePage" name="title" time="0.01"/>
</testsuite> <!-- Regression1 -->
