<?xml version="1.0" encoding="UTF-8"?>
<testng-results ignored="0" total="13" passed="13" failed="0" skipped="0">
  <reporter-output>
  </reporter-output>
  <suite started-at="2023-08-05T20:49:10 AST" name="Suite1" finished-at="2023-08-05T20:50:54 AST" duration-ms="103709">
    <groups>
    </groups>
    <test started-at="2023-08-05T20:49:10 AST" name="Regression" finished-at="2023-08-05T20:50:54 AST" duration-ms="103709">
      <class name="com.jodayn.HomePage">
        <test-method is-config="true" signature="setup()[pri:0, instance:com.jodayn.HomePage@14dd9eb7]" started-at="2023-08-05T20:49:10 AST" name="setup" finished-at="2023-08-05T20:49:19 AST" duration-ms="9103" status="PASS">
          <reporter-output>
          </reporter-output>
        </test-method> <!-- setup -->
        <test-method signature="emailsubscription()[pri:0, instance:com.jodayn.HomePage@14dd9eb7]" started-at="2023-08-05T20:49:19 AST" name="emailsubscription" description="This is for Email subscription" finished-at="2023-08-05T20:49:24 AST" duration-ms="4671" status="PASS">
          <reporter-output>
          </reporter-output>
        </test-method> <!-- emailsubscription -->
        <test-method is-config="true" signature="close()[pri:0, instance:com.jodayn.HomePage@14dd9eb7]" started-at="2023-08-05T20:49:24 AST" name="close" finished-at="2023-08-05T20:49:24 AST" duration-ms="310" status="PASS">
          <reporter-output>
          </reporter-output>
        </test-method> <!-- close -->
        <test-method is-config="true" signature="setup()[pri:0, instance:com.jodayn.HomePage@14dd9eb7]" started-at="2023-08-05T20:49:24 AST" name="setup" finished-at="2023-08-05T20:49:31 AST" duration-ms="6587" status="PASS">
          <reporter-output>
          </reporter-output>
        </test-method> <!-- setup -->
        <test-method signature="footerlinks()[pri:0, instance:com.jodayn.HomePage@14dd9eb7]" started-at="2023-08-05T20:49:31 AST" name="footerlinks" description="This is for footer links" finished-at="2023-08-05T20:49:31 AST" duration-ms="309" status="PASS">
          <reporter-output>
          </reporter-output>
        </test-method> <!-- footerlinks -->
        <test-method is-config="true" signature="close()[pri:0, instance:com.jodayn.HomePage@14dd9eb7]" started-at="2023-08-05T20:49:31 AST" name="close" finished-at="2023-08-05T20:49:31 AST" duration-ms="262" status="PASS">
          <reporter-output>
          </reporter-output>
        </test-method> <!-- close -->
        <test-method is-config="true" signature="setup()[pri:0, instance:com.jodayn.HomePage@14dd9eb7]" started-at="2023-08-05T20:49:31 AST" name="setup" finished-at="2023-08-05T20:49:38 AST" duration-ms="6496" status="PASS">
          <reporter-output>
          </reporter-output>
        </test-method> <!-- setup -->
        <test-method signature="footertext()[pri:0, instance:com.jodayn.HomePage@14dd9eb7]" started-at="2023-08-05T20:49:38 AST" name="footertext" description="This is for footer text" finished-at="2023-08-05T20:49:38 AST" duration-ms="214" status="PASS">
          <reporter-output>
          </reporter-output>
        </test-method> <!-- footertext -->
        <test-method is-config="true" signature="close()[pri:0, instance:com.jodayn.HomePage@14dd9eb7]" started-at="2023-08-05T20:49:38 AST" name="close" finished-at="2023-08-05T20:49:38 AST" duration-ms="238" status="PASS">
          <reporter-output>
          </reporter-output>
        </test-method> <!-- close -->
        <test-method is-config="true" signature="setup()[pri:0, instance:com.jodayn.HomePage@14dd9eb7]" started-at="2023-08-05T20:49:38 AST" name="setup" finished-at="2023-08-05T20:49:46 AST" duration-ms="7916" status="PASS">
          <reporter-output>
          </reporter-output>
        </test-method> <!-- setup -->
        <test-method signature="images()[pri:0, instance:com.jodayn.HomePage@14dd9eb7]" started-at="2023-08-05T20:49:46 AST" name="images" description="This is for images" finished-at="2023-08-05T20:49:46 AST" duration-ms="128" status="PASS">
          <reporter-output>
          </reporter-output>
        </test-method> <!-- images -->
        <test-method is-config="true" signature="close()[pri:0, instance:com.jodayn.HomePage@14dd9eb7]" started-at="2023-08-05T20:49:46 AST" name="close" finished-at="2023-08-05T20:49:46 AST" duration-ms="266" status="PASS">
          <reporter-output>
          </reporter-output>
        </test-method> <!-- close -->
        <test-method is-config="true" signature="setup()[pri:0, instance:com.jodayn.HomePage@14dd9eb7]" started-at="2023-08-05T20:49:46 AST" name="setup" finished-at="2023-08-05T20:49:54 AST" duration-ms="7130" status="PASS">
          <reporter-output>
          </reporter-output>
        </test-method> <!-- setup -->
        <test-method signature="links()[pri:0, instance:com.jodayn.HomePage@14dd9eb7]" started-at="2023-08-05T20:49:54 AST" name="links" description="This is for menu links" finished-at="2023-08-05T20:49:54 AST" duration-ms="343" status="PASS">
          <reporter-output>
          </reporter-output>
        </test-method> <!-- links -->
        <test-method is-config="true" signature="close()[pri:0, instance:com.jodayn.HomePage@14dd9eb7]" started-at="2023-08-05T20:49:54 AST" name="close" finished-at="2023-08-05T20:49:54 AST" duration-ms="215" status="PASS">
          <reporter-output>
          </reporter-output>
        </test-method> <!-- close -->
        <test-method is-config="true" signature="setup()[pri:0, instance:com.jodayn.HomePage@14dd9eb7]" started-at="2023-08-05T20:49:54 AST" name="setup" finished-at="2023-08-05T20:50:03 AST" duration-ms="9055" status="PASS">
          <reporter-output>
          </reporter-output>
        </test-method> <!-- setup -->
        <test-method signature="logo()[pri:0, instance:com.jodayn.HomePage@14dd9eb7]" started-at="2023-08-05T20:50:03 AST" name="logo" description="This is for logo" finished-at="2023-08-05T20:50:03 AST" duration-ms="48" status="PASS">
          <reporter-output>
          </reporter-output>
        </test-method> <!-- logo -->
        <test-method is-config="true" signature="close()[pri:0, instance:com.jodayn.HomePage@14dd9eb7]" started-at="2023-08-05T20:50:03 AST" name="close" finished-at="2023-08-05T20:50:04 AST" duration-ms="248" status="PASS">
          <reporter-output>
          </reporter-output>
        </test-method> <!-- close -->
        <test-method is-config="true" signature="setup()[pri:0, instance:com.jodayn.HomePage@14dd9eb7]" started-at="2023-08-05T20:50:04 AST" name="setup" finished-at="2023-08-05T20:50:11 AST" duration-ms="7121" status="PASS">
          <reporter-output>
          </reporter-output>
        </test-method> <!-- setup -->
        <test-method signature="menu()[pri:0, instance:com.jodayn.HomePage@14dd9eb7]" started-at="2023-08-05T20:50:11 AST" name="menu" description="This is for menu " finished-at="2023-08-05T20:50:11 AST" duration-ms="196" status="PASS">
          <reporter-output>
          </reporter-output>
        </test-method> <!-- menu -->
        <test-method is-config="true" signature="close()[pri:0, instance:com.jodayn.HomePage@14dd9eb7]" started-at="2023-08-05T20:50:11 AST" name="close" finished-at="2023-08-05T20:50:11 AST" duration-ms="198" status="PASS">
          <reporter-output>
          </reporter-output>
        </test-method> <!-- close -->
        <test-method is-config="true" signature="setup()[pri:0, instance:com.jodayn.HomePage@14dd9eb7]" started-at="2023-08-05T20:50:11 AST" name="setup" finished-at="2023-08-05T20:50:17 AST" duration-ms="6080" status="PASS">
          <reporter-output>
          </reporter-output>
        </test-method> <!-- setup -->
        <test-method signature="partners()[pri:0, instance:com.jodayn.HomePage@14dd9eb7]" started-at="2023-08-05T20:50:17 AST" name="partners" description="This is for partners" finished-at="2023-08-05T20:50:17 AST" duration-ms="120" status="PASS">
          <reporter-output>
          </reporter-output>
        </test-method> <!-- partners -->
        <test-method is-config="true" signature="close()[pri:0, instance:com.jodayn.HomePage@14dd9eb7]" started-at="2023-08-05T20:50:17 AST" name="close" finished-at="2023-08-05T20:50:17 AST" duration-ms="237" status="PASS">
          <reporter-output>
          </reporter-output>
        </test-method> <!-- close -->
        <test-method is-config="true" signature="setup()[pri:0, instance:com.jodayn.HomePage@14dd9eb7]" started-at="2023-08-05T20:50:17 AST" name="setup" finished-at="2023-08-05T20:50:24 AST" duration-ms="6969" status="PASS">
          <reporter-output>
          </reporter-output>
        </test-method> <!-- setup -->
        <test-method signature="servicesimages()[pri:0, instance:com.jodayn.HomePage@14dd9eb7]" started-at="2023-08-05T20:50:24 AST" name="servicesimages" description="This is for services images" finished-at="2023-08-05T20:50:25 AST" duration-ms="471" status="PASS">
          <reporter-output>
          </reporter-output>
        </test-method> <!-- servicesimages -->
        <test-method is-config="true" signature="close()[pri:0, instance:com.jodayn.HomePage@14dd9eb7]" started-at="2023-08-05T20:50:25 AST" name="close" finished-at="2023-08-05T20:50:25 AST" duration-ms="301" status="PASS">
          <reporter-output>
          </reporter-output>
        </test-method> <!-- close -->
        <test-method is-config="true" signature="setup()[pri:0, instance:com.jodayn.HomePage@14dd9eb7]" started-at="2023-08-05T20:50:25 AST" name="setup" finished-at="2023-08-05T20:50:33 AST" duration-ms="7451" status="PASS">
          <reporter-output>
          </reporter-output>
        </test-method> <!-- setup -->
        <test-method signature="serviceslinks()[pri:0, instance:com.jodayn.HomePage@14dd9eb7]" started-at="2023-08-05T20:50:33 AST" name="serviceslinks" description="This is for services links" finished-at="2023-08-05T20:50:33 AST" duration-ms="92" status="PASS">
          <reporter-output>
          </reporter-output>
        </test-method> <!-- serviceslinks -->
        <test-method is-config="true" signature="close()[pri:0, instance:com.jodayn.HomePage@14dd9eb7]" started-at="2023-08-05T20:50:33 AST" name="close" finished-at="2023-08-05T20:50:33 AST" duration-ms="211" status="PASS">
          <reporter-output>
          </reporter-output>
        </test-method> <!-- close -->
        <test-method is-config="true" signature="setup()[pri:0, instance:com.jodayn.HomePage@14dd9eb7]" started-at="2023-08-05T20:50:33 AST" name="setup" finished-at="2023-08-05T20:50:40 AST" duration-ms="7098" status="PASS">
          <reporter-output>
          </reporter-output>
        </test-method> <!-- setup -->
        <test-method signature="socialMedia()[pri:0, instance:com.jodayn.HomePage@14dd9eb7]" started-at="2023-08-05T20:50:40 AST" name="socialMedia" description="This is for social media" finished-at="2023-08-05T20:50:40 AST" duration-ms="104" status="PASS">
          <reporter-output>
          </reporter-output>
        </test-method> <!-- socialMedia -->
        <test-method is-config="true" signature="close()[pri:0, instance:com.jodayn.HomePage@14dd9eb7]" started-at="2023-08-05T20:50:40 AST" name="close" finished-at="2023-08-05T20:50:40 AST" duration-ms="221" status="PASS">
          <reporter-output>
          </reporter-output>
        </test-method> <!-- close -->
        <test-method is-config="true" signature="setup()[pri:0, instance:com.jodayn.HomePage@14dd9eb7]" started-at="2023-08-05T20:50:40 AST" name="setup" finished-at="2023-08-05T20:50:46 AST" duration-ms="5912" status="PASS">
          <reporter-output>
          </reporter-output>
        </test-method> <!-- setup -->
        <test-method signature="socialMediaLinks()[pri:0, instance:com.jodayn.HomePage@14dd9eb7]" started-at="2023-08-05T20:50:46 AST" name="socialMediaLinks" description="This is for social media links" finished-at="2023-08-05T20:50:47 AST" duration-ms="223" status="PASS">
          <reporter-output>
          </reporter-output>
        </test-method> <!-- socialMediaLinks -->
        <test-method is-config="true" signature="close()[pri:0, instance:com.jodayn.HomePage@14dd9eb7]" started-at="2023-08-05T20:50:47 AST" name="close" finished-at="2023-08-05T20:50:47 AST" duration-ms="197" status="PASS">
          <reporter-output>
          </reporter-output>
        </test-method> <!-- close -->
        <test-method is-config="true" signature="setup()[pri:0, instance:com.jodayn.HomePage@14dd9eb7]" started-at="2023-08-05T20:50:47 AST" name="setup" finished-at="2023-08-05T20:50:53 AST" duration-ms="6655" status="PASS">
          <reporter-output>
          </reporter-output>
        </test-method> <!-- setup -->
        <test-method signature="title()[pri:0, instance:com.jodayn.HomePage@14dd9eb7]" started-at="2023-08-05T20:50:53 AST" name="title" description="This is for title" finished-at="2023-08-05T20:50:53 AST" duration-ms="11" status="PASS">
          <reporter-output>
          </reporter-output>
        </test-method> <!-- title -->
        <test-method is-config="true" signature="close()[pri:0, instance:com.jodayn.HomePage@14dd9eb7]" started-at="2023-08-05T20:50:53 AST" name="close" finished-at="2023-08-05T20:50:54 AST" duration-ms="245" status="PASS">
          <reporter-output>
          </reporter-output>
        </test-method> <!-- close -->
      </class> <!-- com.jodayn.HomePage -->
    </test> <!-- Regression -->
  </suite> <!-- Suite1 -->
</testng-results>
