<?xml version="1.0" encoding="UTF-8"?>
<!-- Generated by org.testng.reporters.JUnitXMLReporter -->
<testsuite ignored="0" hostname="DESKTOP-GF57R6E" failures="0" tests="17" name="Sanity-test" time="16.602" errors="0" timestamp="2023-08-05T20:28:58 AST">
  <testcase classname="com.jodayn.HomePage" name="@BeforeMethod before" time="8.386">
    <failure type="java.lang.UnsupportedOperationException" message="Unimplemented method &amp;apos;afterNavigateTo&amp;apos;">
      <![CDATA[java.lang.UnsupportedOperationException: Unimplemented method 'afterNavigateTo'
at com.util.WebListener.afterNavigateTo(WebListener.java:40)
at org.openqa.selenium.support.events.EventFiringWebDriver.lambda$new$0(EventFiringWebDriver.java:85)
at jdk.proxy2/jdk.proxy2.$Proxy11.afterNavigateTo(Unknown Source)
at org.openqa.selenium.support.events.EventFiringWebDriver.get(EventFiringWebDriver.java:166)
at com.TestBase.BaseTest.setup(BaseTest.java:37)
at com.jodayn.HomePage.before(HomePage.java:46)
at java.base/java.util.ArrayList.forEach(ArrayList.java:1511)
... Removed 35 stack frames]]>
    </failure>
  </testcase> <!-- @BeforeMethod before -->
  <testcase classname="com.jodayn.HomePage" name="@AfterMethod close" time="0.0">
    <skipped/>
  </testcase> <!-- @AfterMethod close -->
  <testcase classname="com.jodayn.HomePage" name="@BeforeMethod before" time="0.0">
    <skipped/>
  </testcase> <!-- @BeforeMethod before -->
  <testcase classname="com.jodayn.HomePage" name="@AfterMethod close" time="0.0">
    <skipped/>
  </testcase> <!-- @AfterMethod close -->
  <testcase classname="com.jodayn.HomePage" name="@BeforeMethod before" time="0.0">
    <skipped/>
  </testcase> <!-- @BeforeMethod before -->
  <testcase classname="com.jodayn.HomePage" name="@AfterMethod close" time="0.0">
    <skipped/>
  </testcase> <!-- @AfterMethod close -->
  <testcase classname="com.jodayn.HomePage" name="@BeforeMethod before" time="0.0">
    <skipped/>
  </testcase> <!-- @BeforeMethod before -->
  <testcase classname="com.jodayn.HomePage" name="@AfterMethod close" time="0.0">
    <skipped/>
  </testcase> <!-- @AfterMethod close -->
  <testcase classname="com.jodayn.HomePage" name="@BeforeMethod before" time="0.0">
    <skipped/>
  </testcase> <!-- @BeforeMethod before -->
  <testcase classname="com.jodayn.HomePage" name="@AfterMethod close" time="0.0">
    <skipped/>
  </testcase> <!-- @AfterMethod close -->
  <testcase classname="com.jodayn.HomePage" name="@BeforeMethod before" time="0.0">
    <skipped/>
  </testcase> <!-- @BeforeMethod before -->
  <testcase classname="com.jodayn.HomePage" name="@AfterMethod close" time="0.0">
    <skipped/>
  </testcase> <!-- @AfterMethod close -->
  <testcase classname="com.jodayn.HomePage" name="@BeforeMethod before" time="0.0">
    <skipped/>
  </testcase> <!-- @BeforeMethod before -->
  <testcase classname="com.jodayn.HomePage" name="@AfterMethod close" time="0.0">
    <skipped/>
  </testcase> <!-- @AfterMethod close -->
  <testcase classname="com.jodayn.HomePage" name="@BeforeMethod before" time="0.0">
    <skipped/>
  </testcase> <!-- @BeforeMethod before -->
  <testcase classname="com.jodayn.HomePage" name="@AfterMethod close" time="0.0">
    <skipped/>
  </testcase> <!-- @AfterMethod close -->
  <testcase classname="com.jodayn.HomePage" name="@BeforeMethod before" time="0.0">
    <skipped/>
  </testcase> <!-- @BeforeMethod before -->
  <testcase classname="com.jodayn.HomePage" name="@AfterMethod close" time="0.0">
    <skipped/>
  </testcase> <!-- @AfterMethod close -->
  <testcase classname="com.jodayn.HomePage" name="@BeforeMethod before" time="0.0">
    <skipped/>
  </testcase> <!-- @BeforeMethod before -->
  <testcase classname="com.jodayn.HomePage" name="@AfterMethod close" time="0.0">
    <skipped/>
  </testcase> <!-- @AfterMethod close -->
  <testcase classname="com.jodayn.HomePage" name="@BeforeMethod before" time="0.0">
    <skipped/>
  </testcase> <!-- @BeforeMethod before -->
  <testcase classname="com.jodayn.HomePage" name="@AfterMethod close" time="0.0">
    <skipped/>
  </testcase> <!-- @AfterMethod close -->
  <testcase classname="com.jodayn.HomePage" name="@BeforeMethod before" time="0.0">
    <skipped/>
  </testcase> <!-- @BeforeMethod before -->
  <testcase classname="com.jodayn.HomePage" name="@AfterMethod close" time="0.0">
    <skipped/>
  </testcase> <!-- @AfterMethod close -->
  <testcase classname="com.jodayn.HomePage" name="@BeforeMethod before" time="0.0">
    <skipped/>
  </testcase> <!-- @BeforeMethod before -->
  <testcase classname="com.jodayn.HomePage" name="@AfterMethod close" time="0.0">
    <skipped/>
  </testcase> <!-- @AfterMethod close -->
  <testcase classname="com.jodayn.ContactUs" name="@BeforeMethod before" time="7.495">
    <failure type="java.lang.UnsupportedOperationException" message="Unimplemented method &amp;apos;afterNavigateTo&amp;apos;">
      <![CDATA[java.lang.UnsupportedOperationException: Unimplemented method 'afterNavigateTo'
at com.util.WebListener.afterNavigateTo(WebListener.java:40)
at org.openqa.selenium.support.events.EventFiringWebDriver.lambda$new$0(EventFiringWebDriver.java:85)
at jdk.proxy2/jdk.proxy2.$Proxy11.afterNavigateTo(Unknown Source)
at org.openqa.selenium.support.events.EventFiringWebDriver.get(EventFiringWebDriver.java:166)
at com.TestBase.BaseTest.setup(BaseTest.java:37)
at com.jodayn.ContactUs.before(ContactUs.java:49)
at java.base/java.util.ArrayList.forEach(ArrayList.java:1511)
... Removed 35 stack frames]]>
    </failure>
  </testcase> <!-- @BeforeMethod before -->
  <testcase classname="com.jodayn.ContactUs" name="@AfterMethod close" time="0.0">
    <skipped/>
  </testcase> <!-- @AfterMethod close -->
  <testcase classname="com.jodayn.ContactUs" name="@BeforeMethod before" time="0.0">
    <skipped/>
  </testcase> <!-- @BeforeMethod before -->
  <testcase classname="com.jodayn.ContactUs" name="@AfterMethod close" time="0.0">
    <skipped/>
  </testcase> <!-- @AfterMethod close -->
  <testcase classname="com.jodayn.ContactUs" name="@BeforeMethod before" time="0.0">
    <skipped/>
  </testcase> <!-- @BeforeMethod before -->
  <testcase classname="com.jodayn.ContactUs" name="@AfterMethod close" time="0.0">
    <skipped/>
  </testcase> <!-- @AfterMethod close -->
  <testcase classname="com.jodayn.ContactUs" name="@BeforeMethod before" time="0.0">
    <skipped/>
  </testcase> <!-- @BeforeMethod before -->
  <testcase classname="com.jodayn.ContactUs" name="@AfterMethod close" time="0.0">
    <skipped/>
  </testcase> <!-- @AfterMethod close -->
  <testcase classname="com.jodayn.HomePage" name="emailsubscription" time="0.0">
    <skipped/>
  </testcase> <!-- emailsubscription -->
  <testcase classname="com.jodayn.HomePage" name="footerlinks" time="0.0">
    <skipped/>
  </testcase> <!-- footerlinks -->
  <testcase classname="com.jodayn.HomePage" name="footertext" time="0.0">
    <skipped/>
  </testcase> <!-- footertext -->
  <testcase classname="com.jodayn.HomePage" name="images" time="0.0">
    <skipped/>
  </testcase> <!-- images -->
  <testcase classname="com.jodayn.HomePage" name="links" time="0.0">
    <skipped/>
  </testcase> <!-- links -->
  <testcase classname="com.jodayn.HomePage" name="logo" time="0.0">
    <skipped/>
  </testcase> <!-- logo -->
  <testcase classname="com.jodayn.HomePage" name="menu" time="0.0">
    <skipped/>
  </testcase> <!-- menu -->
  <testcase classname="com.jodayn.HomePage" name="partners" time="0.0">
    <skipped/>
  </testcase> <!-- partners -->
  <testcase classname="com.jodayn.HomePage" name="servicesimages" time="0.0">
    <skipped/>
  </testcase> <!-- servicesimages -->
  <testcase classname="com.jodayn.HomePage" name="serviceslinks" time="0.0">
    <skipped/>
  </testcase> <!-- serviceslinks -->
  <testcase classname="com.jodayn.HomePage" name="socialMedia" time="0.0">
    <skipped/>
  </testcase> <!-- socialMedia -->
  <testcase classname="com.jodayn.HomePage" name="socialMediaLinks" time="0.0">
    <skipped/>
  </testcase> <!-- socialMediaLinks -->
  <testcase classname="com.jodayn.HomePage" name="title" time="0.0">
    <skipped/>
  </testcase> <!-- title -->
  <testcase classname="com.jodayn.ContactUs" name="ContactUs" time="0.006">
    <skipped/>
  </testcase> <!-- ContactUs -->
  <testcase classname="com.jodayn.ContactUs" name="ContactUs" time="0.0">
    <skipped/>
  </testcase> <!-- ContactUs -->
  <testcase classname="com.jodayn.ContactUs" name="ContactUs" time="0.0">
    <skipped/>
  </testcase> <!-- ContactUs -->
  <testcase classname="com.jodayn.ContactUs" name="ContactUs" time="0.0">
    <skipped/>
  </testcase> <!-- ContactUs -->
</testsuite> <!-- Sanity-test -->
