<?xml version="1.0" encoding="UTF-8"?>
<!-- Generated by org.testng.reporters.JUnitXMLReporter -->
<testsuite ignored="0" hostname="DESKTOP-GF57R6E" failures="0" tests="25" name="Sanity-test" time="204.828" errors="0" timestamp="2023-08-06T12:08:48 AST">
  <testcase classname="com.jodayn.HomePage" name="emailsubscription" time="4.82"/>
  <testcase classname="com.jodayn.HomePage" name="footerlinks" time="0.322"/>
  <testcase classname="com.jodayn.HomePage" name="footertext" time="0.312"/>
  <testcase classname="com.jodayn.HomePage" name="images" time="0.178"/>
  <testcase classname="com.jodayn.HomePage" name="links" time="0.461"/>
  <testcase classname="com.jodayn.HomePage" name="logo" time="0.074"/>
  <testcase classname="com.jodayn.HomePage" name="menu" time="0.234"/>
  <testcase classname="com.jodayn.HomePage" name="partners" time="0.188"/>
  <testcase classname="com.jodayn.HomePage" name="servicesimages" time="0.577"/>
  <testcase classname="com.jodayn.HomePage" name="serviceslinks" time="0.128"/>
  <testcase classname="com.jodayn.HomePage" name="socialMedia" time="0.09"/>
  <testcase classname="com.jodayn.HomePage" name="socialMediaLinks" time="0.25"/>
  <testcase classname="com.jodayn.HomePage" name="title" time="0.01"/>
  <testcase classname="com.jodayn.ContactUs" name="ContactUs" time="2.679"/>
  <testcase classname="com.jodayn.ContactUs" name="ContactUs" time="2.491"/>
  <testcase classname="com.jodayn.ContactUs" name="ContactUs" time="2.756"/>
  <testcase classname="com.jodayn.ContactUs" name="ContactUs" time="2.636"/>
  <testcase classname="com.jodayn.ContactUs" name="ContactUs" time="2.496"/>
  <testcase classname="com.jodayn.ContactUs" name="ContactUs" time="2.492"/>
  <testcase classname="com.jodayn.ContactUs" name="ContactUs" time="2.611"/>
  <testcase classname="com.jodayn.ContactUs" name="ContactUs" time="2.571"/>
  <testcase classname="com.jodayn.ContactUs" name="ContactUs" time="2.692"/>
  <testcase classname="com.jodayn.ContactUs" name="ContactUs" time="2.696"/>
  <testcase classname="com.jodayn.ContactUs" name="ContactUs" time="2.884"/>
  <testcase classname="com.jodayn.ContactUs" name="ContactUs" time="2.561"/>
</testsuite> <!-- Sanity-test -->
